<?xml version="1.0" encoding="UTF-8"?>
<testng-results ignored="0" total="2" passed="2" failed="0" skipped="0">
  <reporter-output>
  </reporter-output>
  <suite started-at="2022-03-15T00:45:11 IST" name="Default suite" finished-at="2022-03-15T00:45:11 IST" duration-ms="65">
    <groups>
    </groups>
    <test started-at="2022-03-15T00:45:11 IST" name="Default test" finished-at="2022-03-15T00:45:11 IST" duration-ms="65">
      <class name="testng.getStarted">
        <test-method signature="start()[pri:0, instance:testng.getStarted@5acf93bb]" started-at="2022-03-15T00:45:11 IST" name="start" finished-at="2022-03-15T00:45:11 IST" duration-ms="10" status="PASS">
          <reporter-output>
          </reporter-output>
        </test-method> <!-- start -->
        <test-method signature="test()[pri:0, instance:testng.getStarted@5acf93bb]" started-at="2022-03-15T00:45:11 IST" name="test" finished-at="2022-03-15T00:45:11 IST" duration-ms="2" status="PASS">
          <reporter-output>
          </reporter-output>
        </test-method> <!-- test -->
      </class> <!-- testng.getStarted -->
    </test> <!-- Default test -->
  </suite> <!-- Default suite -->
</testng-results>
