<?xml version="1.0" encoding="UTF-8"?>
<!-- Generated by org.testng.reporters.JUnitXMLReporter -->
<testsuite ignored="0" hostname="LAPTOP-DGIF1VTS" failures="0" tests="4" name="Test" time="0.072" errors="0" timestamp="2022-03-25T00:52:29 IST">
  <testcase classname="demoTestNg.testngdemo.AppTest" name="method" time="0.009"/>
  <testcase classname="demoTestNg.testngdemo.App2Test" name="method" time="0.002"/>
  <testcase classname="demoTestNg.testngdemo.sampleTest" name="testmethod" time="0.001"/>
  <testcase classname="demoTestNg.testngdemo.App2" name="method" time="0.001"/>
</testsuite> <!-- Test -->
