<?xml version="1.0" encoding="UTF-8"?>
<!-- Generated by org.testng.reporters.JUnitXMLReporter -->
<testsuite hostname="LAPTOP-DGIF1VTS" ignored="0" name="Surefire test" tests="3" failures="0" timestamp="2022-03-25T00:52:57 IST" time="0.047" errors="0">
  <testcase name="method" time="0.004" classname="demoTestNg.testngdemo.App2Test"/>
  <testcase name="method" time="0.0" classname="demoTestNg.testngdemo.AppTest"/>
  <testcase name="testmethod" time="0.0" classname="demoTestNg.testngdemo.sampleTest"/>
</testsuite> <!-- Surefire test -->
