<?xml version="1.0" encoding="UTF-8"?>
<!-- Generated by org.testng.reporters.JUnitXMLReporter -->
<testsuite ignored="6" hostname="LAPTOP-DGIF1VTS" failures="0" tests="3" name="Reggrestion" time="0.068" errors="0" timestamp="2022-03-21T07:10:21 IST">
  <testcase classname="TestNGBasics.Carapilogin" name="start" time="0.011"/>
  <testcase classname="TestNGBasics.Carappiumlogin" name="start" time="0.001"/>
  <testcase classname="TestNGBasics.CarseleniumLogin" name="start" time="0.002"/>
  <testcase classname="TestNGBasics.Homeloanforcar" name="test" time="0.0">
    <ignored/>
  </testcase> <!-- test -->
  <testcase classname="TestNGBasics.CarseleniumLogin" name="test" time="0.0">
    <ignored/>
  </testcase> <!-- test -->
  <testcase classname="TestNGBasics.Carapilogin" name="verify" time="0.0">
    <ignored/>
  </testcase> <!-- verify -->
  <testcase classname="TestNGBasics.Carapilogin" name="test" time="0.0">
    <ignored/>
  </testcase> <!-- test -->
  <testcase classname="TestNGBasics.Homeloanforcar" name="start" time="0.0">
    <ignored/>
  </testcase> <!-- start -->
  <testcase classname="TestNGBasics.Carappiumlogin" name="test" time="0.0">
    <ignored/>
  </testcase> <!-- test -->
</testsuite> <!-- Reggrestion -->
