<?xml version="1.0" encoding="UTF-8"?>
<testng-results skipped="0" failed="0" ignored="0" total="4" passed="4">
  <reporter-output>
  </reporter-output>
  <suite name="Suite" duration-ms="59" started-at="2022-03-25T01:04:06 IST" finished-at="2022-03-25T01:04:06 IST">
    <groups>
    </groups>
    <test name="Test" duration-ms="59" started-at="2022-03-25T01:04:06 IST" finished-at="2022-03-25T01:04:06 IST">
      <class name="demoTestNg.testngdemo.App2">
        <test-method status="PASS" signature="method()[pri:0, instance:demoTestNg.testngdemo.App2@33f88ab]" name="method" duration-ms="0" started-at="2022-03-25T01:04:06 IST" finished-at="2022-03-25T01:04:06 IST">
          <reporter-output>
          </reporter-output>
        </test-method> <!-- method -->
      </class> <!-- demoTestNg.testngdemo.App2 -->
      <class name="demoTestNg.testngdemo.AppTest">
        <test-method status="PASS" signature="method()[pri:0, instance:demoTestNg.testngdemo.AppTest@1d29cf23]" name="method" duration-ms="6" started-at="2022-03-25T01:04:06 IST" finished-at="2022-03-25T01:04:06 IST">
          <reporter-output>
          </reporter-output>
        </test-method> <!-- method -->
      </class> <!-- demoTestNg.testngdemo.AppTest -->
      <class name="demoTestNg.testngdemo.App2Test">
        <test-method status="PASS" signature="method()[pri:0, instance:demoTestNg.testngdemo.App2Test@3712b94]" name="method" duration-ms="0" started-at="2022-03-25T01:04:06 IST" finished-at="2022-03-25T01:04:06 IST">
          <reporter-output>
          </reporter-output>
        </test-method> <!-- method -->
      </class> <!-- demoTestNg.testngdemo.App2Test -->
      <class name="demoTestNg.testngdemo.sampleTest">
        <test-method status="PASS" signature="testmethod()[pri:0, instance:demoTestNg.testngdemo.sampleTest@2833cc44]" name="testmethod" duration-ms="1" started-at="2022-03-25T01:04:06 IST" finished-at="2022-03-25T01:04:06 IST">
          <reporter-output>
          </reporter-output>
        </test-method> <!-- testmethod -->
      </class> <!-- demoTestNg.testngdemo.sampleTest -->
    </test> <!-- Test -->
  </suite> <!-- Suite -->
</testng-results>
