<?xml version="1.0" encoding="UTF-8"?>
<testsuite xmlns:xsi="http://www.w3.org/2001/XMLSchema-instance" xsi:noNamespaceSchemaLocation="https://maven.apache.org/surefire/maven-surefire-plugin/xsd/surefire-test-report-3.0.xsd" version="3.0" name="TestSuite" time="6.563" tests="11" errors="0" skipped="1" failures="1">
  <properties>
[...]
</properties>
  <testcase name="testmeothod" classname="testngsample.classoneTest" time="0.003">
    <system-out><![CDATA[this is before suite
This is before test
This is simple test output
]]></system-out>
  </testcase>
  <testcase name="driversetup" classname="testngsample.DependentTest" time="5.729">
    <system-err><![CDATA[SLF4J: Failed to load class "org.slf4j.impl.StaticLoggerBinder".
SLF4J: Defaulting to no-operation (NOP) logger implementation
SLF4J: See http://www.slf4j.org/codes.html#StaticLoggerBinder for further details.
Starting ChromeDriver 99.0.4844.51 (d537ec02474b5afe23684e7963d538896c63ac77-refs/branch-heads/4844@{#875}) on port 54562
Only local connections are allowed.
Please see https://chromedriver.chromium.org/security-considerations for suggestions on keeping ChromeDriver safe.
ChromeDriver was started successfully.
Mar 25, 2022 12:28:44 AM org.openqa.selenium.remote.ProtocolHandshake createSession
INFO: Detected dialect: W3C
Mar 25, 2022 12:28:44 AM org.openqa.selenium.devtools.CdpVersionFinder findNearestMatch
WARNING: Unable to find an exact match for CDP version 99, so returning the closest version found: 95
Mar 25, 2022 12:28:44 AM org.openqa.selenium.devtools.CdpVersionFinder findNearestMatch
INFO: Found CDP implementation for version 99 of 95
]]></system-err>
  </testcase>
  <testcase name="geturl" classname="testngsample.DependentTest" time="0.017">
    <failure message="invalid argument&#10;  (Session info: chrome=99.0.4844.82)&#10;Build info: version: &apos;4.0.0-rc-3&apos;, revision: &apos;5fe1af712f&apos;&#10;System info: host: &apos;LAPTOP-DGIF1VTS&apos;, ip: &apos;192.168.1.5&apos;, os.name: &apos;Windows 10&apos;, os.arch: &apos;amd64&apos;, os.version: &apos;10.0&apos;, java.version: &apos;1.8.0_271&apos;&#10;Driver info: org.openqa.selenium.chrome.ChromeDriver&#10;Command: [1fcffcc137ef938c3f5dfa5f8df66c60, get {url=www.facbook.com}]&#10;Capabilities {acceptInsecureCerts: false, browserName: chrome, browserVersion: 99.0.4844.82, chrome: {chromedriverVersion: 99.0.4844.51 (d537ec02474b5..., userDataDir: C:\Users\Surbhi\AppData\Loc...}, goog:chromeOptions: {debuggerAddress: localhost:55423}, javascriptEnabled: true, networkConnectionEnabled: false, pageLoadStrategy: normal, platform: WINDOWS, platformName: WINDOWS, proxy: Proxy(), se:cdp: ws://localhost:55423/devtoo..., se:cdpVersion: 99.0.4844.82, setWindowRect: true, strictFileInteractability: false, timeouts: {implicit: 0, pageLoad: 300000, script: 30000}, unhandledPromptBehavior: dismiss and notify, webauthn:extension:credBlob: true, webauthn:extension:largeBlob: true, webauthn:virtualAuthenticators: true}&#10;Session ID: 1fcffcc137ef938c3f5dfa5f8df66c60" type="org.openqa.selenium.InvalidArgumentException"><![CDATA[org.openqa.selenium.InvalidArgumentException: 
invalid argument
  (Session info: chrome=99.0.4844.82)
Build info: version: '4.0.0-rc-3', revision: '5fe1af712f'
System info: host: 'LAPTOP-DGIF1VTS', ip: '192.168.1.5', os.name: 'Windows 10', os.arch: 'amd64', os.version: '10.0', java.version: '1.8.0_271'
Driver info: org.openqa.selenium.chrome.ChromeDriver
Command: [1fcffcc137ef938c3f5dfa5f8df66c60, get {url=www.facbook.com}]
Capabilities {acceptInsecureCerts: false, browserName: chrome, browserVersion: 99.0.4844.82, chrome: {chromedriverVersion: 99.0.4844.51 (d537ec02474b5..., userDataDir: C:\Users\Surbhi\AppData\Loc...}, goog:chromeOptions: {debuggerAddress: localhost:55423}, javascriptEnabled: true, networkConnectionEnabled: false, pageLoadStrategy: normal, platform: WINDOWS, platformName: WINDOWS, proxy: Proxy(), se:cdp: ws://localhost:55423/devtoo..., se:cdpVersion: 99.0.4844.82, setWindowRect: true, strictFileInteractability: false, timeouts: {implicit: 0, pageLoad: 300000, script: 30000}, unhandledPromptBehavior: dismiss and notify, webauthn:extension:credBlob: true, webauthn:extension:largeBlob: true, webauthn:virtualAuthenticators: true}
Session ID: 1fcffcc137ef938c3f5dfa5f8df66c60
	at testngsample.DependentTest.geturl(DependentTest.java:35)
]]></failure>
  </testcase>
  <testcase name="gettitle" classname="testngsample.DependentTest" time="0">
    <skipped message="Method DependentTest.gettitle()[pri:0, instance:testngsample.DependentTest@2d8f65a4] depends on not successfully finished methods"/>
  </testcase>
  <testcase name="test" classname="testngsample.HierarchyTest" time="0.001">
    <system-out><![CDATA[this is before class
this is before method
this is test
]]></system-out>
  </testcase>
  <testcase name="aplhaone" classname="testngsample.multipletestcaseTest" time="0.004">
    <system-out><![CDATA[This is after method
this is after class
this is alphaone
]]></system-out>
  </testcase>
  <testcase name="betaaone" classname="testngsample.multipletestcaseTest" time="0.001">
    <system-out><![CDATA[this is betaone
]]></system-out>
  </testcase>
  <testcase name="gamaone" classname="testngsample.multipletestcaseTest" time="0.001">
    <system-out><![CDATA[this is gamaone
]]></system-out>
  </testcase>
  <testcase name="alpha" classname="testngsample.multipletestcaseTest" time="0.001">
    <system-out><![CDATA[this is alpha test
]]></system-out>
  </testcase>
  <testcase name="beta" classname="testngsample.multipletestcaseTest" time="0.001">
    <system-out><![CDATA[this is beta test
]]></system-out>
  </testcase>
  <testcase name="gama" classname="testngsample.multipletestcaseTest" time="0">
    <system-out><![CDATA[this is gama test
]]></system-out>
  </testcase>
</testsuite>