<?xml version="1.0" encoding="UTF-8"?>
<testng-results ignored="0" total="9" passed="9" failed="0" skipped="0">
  <reporter-output>
  </reporter-output>
  <suite started-at="2022-03-22T00:00:57 IST" name="Loan section" finished-at="2022-03-22T00:00:58 IST" duration-ms="158">
    <groups>
      <group name="login">
        <method signature="Carapilogin.start()[pri:0, instance:TestNGBasics.Carapilogin@71ba6d4e]" name="start" class="TestNGBasics.Carapilogin"/>
        <method signature="CarseleniumLogin.start(java.lang.String)[pri:0, instance:TestNGBasics.CarseleniumLogin@740cae06]" name="start" class="TestNGBasics.CarseleniumLogin"/>
        <method signature="Carappiumlogin.start(java.lang.String)[pri:0, instance:TestNGBasics.Carappiumlogin@6892b3b6]" name="start" class="TestNGBasics.Carappiumlogin"/>
      </group> <!-- login -->
    </groups>
    <test started-at="2022-03-22T00:00:57 IST" name="Test" finished-at="2022-03-22T00:00:57 IST" duration-ms="41">
      <class name="TestNGBasics.Homeloanforcar">
        <test-method is-config="true" signature="acceptcookies()[pri:0, instance:TestNGBasics.Homeloanforcar@659499f1]" started-at="2022-03-22T00:00:57 IST" name="acceptcookies" finished-at="2022-03-22T00:00:57 IST" duration-ms="1" status="PASS">
          <reporter-output>
          </reporter-output>
        </test-method> <!-- acceptcookies -->
        <test-method signature="start()[pri:0, instance:TestNGBasics.Homeloanforcar@659499f1]" started-at="2022-03-22T00:00:57 IST" name="start" finished-at="2022-03-22T00:00:57 IST" duration-ms="4" status="PASS">
          <reporter-output>
          </reporter-output>
        </test-method> <!-- start -->
        <test-method signature="test()[pri:0, instance:TestNGBasics.Homeloanforcar@659499f1]" started-at="2022-03-22T00:00:57 IST" name="test" finished-at="2022-03-22T00:00:57 IST" duration-ms="1" status="PASS">
          <reporter-output>
          </reporter-output>
        </test-method> <!-- test -->
        <test-method is-config="true" signature="clearcookies()[pri:0, instance:TestNGBasics.Homeloanforcar@659499f1]" started-at="2022-03-22T00:00:57 IST" name="clearcookies" finished-at="2022-03-22T00:00:57 IST" duration-ms="0" status="PASS">
          <reporter-output>
          </reporter-output>
        </test-method> <!-- clearcookies -->
      </class> <!-- TestNGBasics.Homeloanforcar -->
    </test> <!-- Test -->
    <test started-at="2022-03-22T00:00:57 IST" name="car api login" finished-at="2022-03-22T00:00:57 IST" duration-ms="15">
      <class name="TestNGBasics.Carapilogin">
        <test-method is-config="true" signature="acceptcookies()[pri:0, instance:TestNGBasics.Carapilogin@71ba6d4e]" started-at="2022-03-22T00:00:57 IST" name="acceptcookies" finished-at="2022-03-22T00:00:57 IST" duration-ms="0" status="PASS">
          <reporter-output>
          </reporter-output>
        </test-method> <!-- acceptcookies -->
        <test-method is-config="true" signature="beforemothod()[pri:0, instance:TestNGBasics.Carapilogin@71ba6d4e]" started-at="2022-03-22T00:00:57 IST" name="beforemothod" finished-at="2022-03-22T00:00:57 IST" duration-ms="0" status="PASS">
          <reporter-output>
          </reporter-output>
        </test-method> <!-- beforemothod -->
        <test-method signature="start()[pri:0, instance:TestNGBasics.Carapilogin@71ba6d4e]" started-at="2022-03-22T00:00:57 IST" name="start" finished-at="2022-03-22T00:00:57 IST" duration-ms="1" status="PASS">
          <reporter-output>
          </reporter-output>
        </test-method> <!-- start -->
        <test-method is-config="true" signature="beforemothod()[pri:0, instance:TestNGBasics.Carapilogin@71ba6d4e]" started-at="2022-03-22T00:00:57 IST" name="beforemothod" finished-at="2022-03-22T00:00:57 IST" duration-ms="0" status="PASS">
          <reporter-output>
          </reporter-output>
        </test-method> <!-- beforemothod -->
        <test-method signature="test()[pri:0, instance:TestNGBasics.Carapilogin@71ba6d4e]" started-at="2022-03-22T00:00:57 IST" name="test" finished-at="2022-03-22T00:00:57 IST" duration-ms="2" status="PASS">
          <reporter-output>
          </reporter-output>
        </test-method> <!-- test -->
        <test-method is-config="true" signature="beforemothod()[pri:0, instance:TestNGBasics.Carapilogin@71ba6d4e]" started-at="2022-03-22T00:00:57 IST" name="beforemothod" finished-at="2022-03-22T00:00:57 IST" duration-ms="1" status="PASS">
          <reporter-output>
          </reporter-output>
        </test-method> <!-- beforemothod -->
        <test-method signature="verify()[pri:0, instance:TestNGBasics.Carapilogin@71ba6d4e]" started-at="2022-03-22T00:00:57 IST" name="verify" finished-at="2022-03-22T00:00:57 IST" depends-on-methods="TestNGBasics.Carapilogin.start" duration-ms="1" status="PASS">
          <reporter-output>
          </reporter-output>
        </test-method> <!-- verify -->
        <test-method is-config="true" signature="clearcookies()[pri:0, instance:TestNGBasics.Carapilogin@71ba6d4e]" started-at="2022-03-22T00:00:57 IST" name="clearcookies" finished-at="2022-03-22T00:00:57 IST" duration-ms="0" status="PASS">
          <reporter-output>
          </reporter-output>
        </test-method> <!-- clearcookies -->
      </class> <!-- TestNGBasics.Carapilogin -->
    </test> <!-- car api login -->
    <test started-at="2022-03-22T00:00:57 IST" name="car selenium login" finished-at="2022-03-22T00:00:57 IST" duration-ms="10">
      <class name="TestNGBasics.CarseleniumLogin">
        <test-method is-config="true" signature="acceptcookies()[pri:0, instance:TestNGBasics.CarseleniumLogin@740cae06]" started-at="2022-03-22T00:00:57 IST" name="acceptcookies" finished-at="2022-03-22T00:00:57 IST" duration-ms="0" status="PASS">
          <reporter-output>
          </reporter-output>
        </test-method> <!-- acceptcookies -->
        <test-method signature="start(java.lang.String)[pri:0, instance:TestNGBasics.CarseleniumLogin@740cae06]" started-at="2022-03-22T00:00:57 IST" name="start" finished-at="2022-03-22T00:00:57 IST" duration-ms="2" status="PASS">
          <params>
            <param index="0">
              <value>
                <![CDATA[www.facebook.com/selenium-login/index.html]]>
              </value>
            </param>
          </params>
          <reporter-output>
          </reporter-output>
        </test-method> <!-- start -->
        <test-method signature="test()[pri:0, instance:TestNGBasics.CarseleniumLogin@740cae06]" started-at="2022-03-22T00:00:57 IST" name="test" finished-at="2022-03-22T00:00:57 IST" duration-ms="1" status="PASS">
          <reporter-output>
          </reporter-output>
        </test-method> <!-- test -->
        <test-method is-config="true" signature="clearcookies()[pri:0, instance:TestNGBasics.CarseleniumLogin@740cae06]" started-at="2022-03-22T00:00:57 IST" name="clearcookies" finished-at="2022-03-22T00:00:57 IST" duration-ms="0" status="PASS">
          <reporter-output>
          </reporter-output>
        </test-method> <!-- clearcookies -->
      </class> <!-- TestNGBasics.CarseleniumLogin -->
    </test> <!-- car selenium login -->
    <test started-at="2022-03-22T00:00:57 IST" name="car Appium login" finished-at="2022-03-22T00:00:58 IST" duration-ms="8">
      <class name="TestNGBasics.Carappiumlogin">
        <test-method is-config="true" signature="acceptcookies()[pri:0, instance:TestNGBasics.Carappiumlogin@6892b3b6]" started-at="2022-03-22T00:00:57 IST" name="acceptcookies" finished-at="2022-03-22T00:00:57 IST" duration-ms="1" status="PASS">
          <reporter-output>
          </reporter-output>
        </test-method> <!-- acceptcookies -->
        <test-method signature="start(java.lang.String)[pri:0, instance:TestNGBasics.Carappiumlogin@6892b3b6]" started-at="2022-03-22T00:00:57 IST" name="start" finished-at="2022-03-22T00:00:57 IST" duration-ms="1" status="PASS">
          <params>
            <param index="0">
              <value>
                <![CDATA[www.facebook.com/appium-login/index.html]]>
              </value>
            </param>
          </params>
          <reporter-output>
          </reporter-output>
        </test-method> <!-- start -->
        <test-method signature="test()[pri:0, instance:TestNGBasics.Carappiumlogin@6892b3b6]" started-at="2022-03-22T00:00:57 IST" name="test" finished-at="2022-03-22T00:00:57 IST" duration-ms="1" status="PASS">
          <reporter-output>
          </reporter-output>
        </test-method> <!-- test -->
        <test-method is-config="true" signature="clearcookies()[pri:0, instance:TestNGBasics.Carappiumlogin@6892b3b6]" started-at="2022-03-22T00:00:57 IST" name="clearcookies" finished-at="2022-03-22T00:00:58 IST" duration-ms="1" status="PASS">
          <reporter-output>
          </reporter-output>
        </test-method> <!-- clearcookies -->
      </class> <!-- TestNGBasics.Carappiumlogin -->
      <class name="TestNGBasics.Carapilogin">
        <test-method is-config="true" signature="bfs()[pri:0, instance:TestNGBasics.Carapilogin@71ba6d4e]" started-at="2022-03-22T00:00:57 IST" name="bfs" finished-at="2022-03-22T00:00:57 IST" duration-ms="9" status="PASS">
          <reporter-output>
          </reporter-output>
        </test-method> <!-- bfs -->
        <test-method is-config="true" signature="afs()[pri:0, instance:TestNGBasics.Carapilogin@71ba6d4e]" started-at="2022-03-22T00:00:58 IST" name="afs" finished-at="2022-03-22T00:00:58 IST" duration-ms="0" status="PASS">
          <reporter-output>
          </reporter-output>
        </test-method> <!-- afs -->
      </class> <!-- TestNGBasics.Carapilogin -->
    </test> <!-- car Appium login -->
  </suite> <!-- Loan section -->
</testng-results>
