<?xml version="1.0" encoding="UTF-8"?>
<!-- Generated by org.testng.reporters.JUnitXMLReporter -->
<testsuite ignored="0" hostname="LAPTOP-DGIF1VTS" failures="0" tests="6" name="Default test" time="0.094" errors="0" timestamp="2022-03-24T23:46:14 IST">
  <testcase classname="demoTestNg.testngdemo.multipletestcase" name="aplhaone" time="0.012"/>
  <testcase classname="demoTestNg.testngdemo.multipletestcase" name="betaaone" time="0.001"/>
  <testcase classname="demoTestNg.testngdemo.multipletestcase" name="gamaone" time="0.002"/>
  <testcase classname="demoTestNg.testngdemo.multipletestcase" name="alpha" time="0.002"/>
  <testcase classname="demoTestNg.testngdemo.multipletestcase" name="beta" time="0.002"/>
  <testcase classname="demoTestNg.testngdemo.multipletestcase" name="gama" time="0.001"/>
</testsuite> <!-- Default test -->
