<?xml version="1.0" encoding="UTF-8"?>
<!-- Generated by org.testng.reporters.JUnitXMLReporter -->
<testsuite hostname="LAPTOP-DGIF1VTS" ignored="0" name="Test" tests="4" failures="0" timestamp="2022-03-25T01:04:06 IST" time="0.059" errors="0">
  <testcase name="method" time="0.006" classname="demoTestNg.testngdemo.AppTest"/>
  <testcase name="method" time="0.0" classname="demoTestNg.testngdemo.App2Test"/>
  <testcase name="testmethod" time="0.001" classname="demoTestNg.testngdemo.sampleTest"/>
  <testcase name="method" time="0.0" classname="demoTestNg.testngdemo.App2"/>
</testsuite> <!-- Test -->
