<?xml version="1.0" encoding="UTF-8"?>
<!-- Generated by org.testng.reporters.JUnitXMLReporter -->
<testsuite ignored="0" hostname="LAPTOP-DGIF1VTS" failures="0" tests="3" name="Default test" time="0.051" errors="0" timestamp="2022-03-21T08:41:41 IST">
  <testcase classname="TestNGBasics.Carapilogin" name="start" time="0.005"/>
  <testcase classname="TestNGBasics.Carapilogin" name="test" time="0.002"/>
  <testcase classname="TestNGBasics.Carapilogin" name="verify" time="0.001"/>
</testsuite> <!-- Default test -->
