<?xml version="1.0" encoding="UTF-8"?>
<testng-results ignored="0" total="4" passed="4" failed="0" skipped="0">
  <reporter-output>
  </reporter-output>
  <suite started-at="2022-03-25T00:52:29 IST" name="Suite" finished-at="2022-03-25T00:52:29 IST" duration-ms="72">
    <groups>
    </groups>
    <test started-at="2022-03-25T00:52:29 IST" name="Test" finished-at="2022-03-25T00:52:29 IST" duration-ms="72">
      <class name="demoTestNg.testngdemo.App2">
        <test-method signature="method()[pri:0, instance:demoTestNg.testngdemo.App2@485966cc]" started-at="2022-03-25T00:52:29 IST" name="method" finished-at="2022-03-25T00:52:29 IST" duration-ms="1" status="PASS">
          <reporter-output>
          </reporter-output>
        </test-method> <!-- method -->
      </class> <!-- demoTestNg.testngdemo.App2 -->
      <class name="demoTestNg.testngdemo.AppTest">
        <test-method signature="method()[pri:0, instance:demoTestNg.testngdemo.AppTest@614ca7df]" started-at="2022-03-25T00:52:29 IST" name="method" finished-at="2022-03-25T00:52:29 IST" duration-ms="9" status="PASS">
          <reporter-output>
          </reporter-output>
        </test-method> <!-- method -->
      </class> <!-- demoTestNg.testngdemo.AppTest -->
      <class name="demoTestNg.testngdemo.sampleTest">
        <test-method signature="testmethod()[pri:0, instance:demoTestNg.testngdemo.sampleTest@5d0a1059]" started-at="2022-03-25T00:52:29 IST" name="testmethod" finished-at="2022-03-25T00:52:29 IST" duration-ms="1" status="PASS">
          <reporter-output>
          </reporter-output>
        </test-method> <!-- testmethod -->
      </class> <!-- demoTestNg.testngdemo.sampleTest -->
      <class name="demoTestNg.testngdemo.App2Test">
        <test-method signature="method()[pri:0, instance:demoTestNg.testngdemo.App2Test@c88a337]" started-at="2022-03-25T00:52:29 IST" name="method" finished-at="2022-03-25T00:52:29 IST" duration-ms="2" status="PASS">
          <reporter-output>
          </reporter-output>
        </test-method> <!-- method -->
      </class> <!-- demoTestNg.testngdemo.App2Test -->
    </test> <!-- Test -->
  </suite> <!-- Suite -->
</testng-results>
